{"/Users/nobinthomas/Desktop/nobinCardGame/src/action/CardGameActions.js": {"path":"/Users/nobinthomas/Desktop/nobinCardGame/src/action/CardGameActions.js","statementMap":{"0":{"start":{"line":3,"column":33},"end":{"line":6,"column":2}},"1":{"start":{"line":3,"column":44},"end":{"line":6,"column":1}},"2":{"start":{"line":8,"column":31},"end":{"line":10,"column":2}},"3":{"start":{"line":8,"column":38},"end":{"line":10,"column":1}},"4":{"start":{"line":12,"column":33},"end":{"line":14,"column":2}},"5":{"start":{"line":12,"column":40},"end":{"line":14,"column":1}}},"fnMap":{"0":{"name":"(anonymous_0)","decl":{"start":{"line":3,"column":33},"end":{"line":3,"column":34}},"loc":{"start":{"line":3,"column":44},"end":{"line":6,"column":1}},"line":3},"1":{"name":"(anonymous_1)","decl":{"start":{"line":8,"column":31},"end":{"line":8,"column":32}},"loc":{"start":{"line":8,"column":38},"end":{"line":10,"column":1}},"line":8},"2":{"name":"(anonymous_2)","decl":{"start":{"line":12,"column":33},"end":{"line":12,"column":34}},"loc":{"start":{"line":12,"column":40},"end":{"line":14,"column":1}},"line":12}},"branchMap":{},"s":{"0":1,"1":1,"2":1,"3":1,"4":1,"5":1},"f":{"0":1,"1":1,"2":1},"b":{},"_coverageSchema":"1a1c01bbd47fc00a2c39e90264f33305004495a9","hash":"526b5c2c41407aca8f5163e12b78b90959ff8593"}
,"/Users/nobinthomas/Desktop/nobinCardGame/src/components/Card.js": {"path":"/Users/nobinthomas/Desktop/nobinCardGame/src/components/Card.js","statementMap":{"0":{"start":{"line":7,"column":13},"end":{"line":79,"column":1}},"1":{"start":{"line":8,"column":32},"end":{"line":8,"column":37}},"2":{"start":{"line":9,"column":28},"end":{"line":9,"column":66}},"3":{"start":{"line":10,"column":24},"end":{"line":10,"column":49}},"4":{"start":{"line":12,"column":27},"end":{"line":15,"column":4}},"5":{"start":{"line":16,"column":26},"end":{"line":19,"column":4}},"6":{"start":{"line":21,"column":2},"end":{"line":23,"column":14}},"7":{"start":{"line":22,"column":4},"end":{"line":22,"column":15}},"8":{"start":{"line":25,"column":2},"end":{"line":27,"column":18}},"9":{"start":{"line":26,"column":4},"end":{"line":26,"column":49}},"10":{"start":{"line":29,"column":19},"end":{"line":45,"column":3}},"11":{"start":{"line":30,"column":4},"end":{"line":44,"column":5}},"12":{"start":{"line":31,"column":6},"end":{"line":36,"column":17}},"13":{"start":{"line":38,"column":6},"end":{"line":43,"column":17}},"14":{"start":{"line":47,"column":20},"end":{"line":49,"column":3}},"15":{"start":{"line":48,"column":4},"end":{"line":48,"column":24}},"16":{"start":{"line":51,"column":29},"end":{"line":55,"column":3}},"17":{"start":{"line":57,"column":28},"end":{"line":61,"column":3}},"18":{"start":{"line":63,"column":2},"end":{"line":78,"column":4}},"19":{"start":{"line":64,"column":37},"end":{"line":64,"column":58}}},"fnMap":{"0":{"name":"(anonymous_0)","decl":{"start":{"line":7,"column":13},"end":{"line":7,"column":14}},"loc":{"start":{"line":7,"column":24},"end":{"line":79,"column":1}},"line":7},"1":{"name":"(anonymous_1)","decl":{"start":{"line":21,"column":12},"end":{"line":21,"column":13}},"loc":{"start":{"line":21,"column":18},"end":{"line":23,"column":3}},"line":21},"2":{"name":"(anonymous_2)","decl":{"start":{"line":25,"column":12},"end":{"line":25,"column":13}},"loc":{"start":{"line":25,"column":18},"end":{"line":27,"column":3}},"line":25},"3":{"name":"(anonymous_3)","decl":{"start":{"line":29,"column":19},"end":{"line":29,"column":20}},"loc":{"start":{"line":29,"column":31},"end":{"line":45,"column":3}},"line":29},"4":{"name":"(anonymous_4)","decl":{"start":{"line":47,"column":20},"end":{"line":47,"column":21}},"loc":{"start":{"line":47,"column":30},"end":{"line":49,"column":3}},"line":47},"5":{"name":"(anonymous_5)","decl":{"start":{"line":64,"column":31},"end":{"line":64,"column":32}},"loc":{"start":{"line":64,"column":37},"end":{"line":64,"column":58}},"line":64}},"branchMap":{"0":{"loc":{"start":{"line":9,"column":37},"end":{"line":9,"column":65}},"type":"cond-expr","locations":[{"start":{"line":9,"column":58},"end":{"line":9,"column":59}},{"start":{"line":9,"column":62},"end":{"line":9,"column":65}}],"line":9},"1":{"loc":{"start":{"line":26,"column":13},"end":{"line":26,"column":47}},"type":"cond-expr","locations":[{"start":{"line":26,"column":40},"end":{"line":26,"column":41}},{"start":{"line":26,"column":44},"end":{"line":26,"column":47}}],"line":26},"2":{"loc":{"start":{"line":30,"column":4},"end":{"line":44,"column":5}},"type":"if","locations":[{"start":{"line":30,"column":4},"end":{"line":44,"column":5}},{"start":{"line":30,"column":4},"end":{"line":44,"column":5}}],"line":30},"3":{"loc":{"start":{"line":68,"column":13},"end":{"line":68,"column":46}},"type":"cond-expr","locations":[{"start":{"line":68,"column":34},"end":{"line":68,"column":40}},{"start":{"line":68,"column":43},"end":{"line":68,"column":46}}],"line":68},"4":{"loc":{"start":{"line":73,"column":13},"end":{"line":73,"column":46}},"type":"cond-expr","locations":[{"start":{"line":73,"column":34},"end":{"line":73,"column":40}},{"start":{"line":73,"column":43},"end":{"line":73,"column":46}}],"line":73}},"s":{"0":1,"1":1,"2":1,"3":1,"4":1,"5":1,"6":1,"7":1,"8":1,"9":1,"10":1,"11":1,"12":1,"13":0,"14":1,"15":0,"16":1,"17":1,"18":1,"19":0},"f":{"0":1,"1":1,"2":1,"3":1,"4":0,"5":0},"b":{"0":[0,1],"1":[0,1],"2":[1,0],"3":[0,1],"4":[0,1]},"_coverageSchema":"1a1c01bbd47fc00a2c39e90264f33305004495a9","hash":"ee694c92bb563b2abb2b0d0616a7c391db315d11"}
,"/Users/nobinthomas/Desktop/nobinCardGame/src/components/GameAppButton.js": {"path":"/Users/nobinthomas/Desktop/nobinCardGame/src/components/GameAppButton.js","statementMap":{"0":{"start":{"line":8,"column":22},"end":{"line":12,"column":1}},"1":{"start":{"line":9,"column":2},"end":{"line":11,"column":21}}},"fnMap":{"0":{"name":"(anonymous_0)","decl":{"start":{"line":8,"column":22},"end":{"line":8,"column":23}},"loc":{"start":{"line":9,"column":2},"end":{"line":11,"column":21}},"line":9}},"branchMap":{},"s":{"0":1,"1":1},"f":{"0":1},"b":{},"_coverageSchema":"1a1c01bbd47fc00a2c39e90264f33305004495a9","hash":"2a889d4d914ed7a3fcffbaa1fd40f69fec8c1ae3"}
,"/Users/nobinthomas/Desktop/nobinCardGame/src/components/Header.js": {"path":"/Users/nobinthomas/Desktop/nobinCardGame/src/components/Header.js","statementMap":{"0":{"start":{"line":6,"column":15},"end":{"line":12,"column":1}},"1":{"start":{"line":7,"column":2},"end":{"line":11,"column":9}}},"fnMap":{"0":{"name":"(anonymous_0)","decl":{"start":{"line":6,"column":15},"end":{"line":6,"column":16}},"loc":{"start":{"line":7,"column":2},"end":{"line":11,"column":9}},"line":7}},"branchMap":{},"s":{"0":1,"1":1},"f":{"0":1},"b":{},"_coverageSchema":"1a1c01bbd47fc00a2c39e90264f33305004495a9","hash":"6e2ec9c4d2557d9e9949ab6c00cfca13171e0fd3"}
,"/Users/nobinthomas/Desktop/nobinCardGame/src/reducer/CardGameReducer.js": {"path":"/Users/nobinthomas/Desktop/nobinCardGame/src/reducer/CardGameReducer.js","statementMap":{"0":{"start":{"line":4,"column":21},"end":{"line":12,"column":1}},"1":{"start":{"line":15,"column":25},"end":{"line":20,"column":1}},"2":{"start":{"line":16,"column":2},"end":{"line":19,"column":5}},"3":{"start":{"line":17,"column":4},"end":{"line":17,"column":34}},"4":{"start":{"line":17,"column":25},"end":{"line":17,"column":34}},"5":{"start":{"line":18,"column":4},"end":{"line":18,"column":31}},"6":{"start":{"line":21,"column":23},"end":{"line":26,"column":1}},"7":{"start":{"line":22,"column":2},"end":{"line":25,"column":5}},"8":{"start":{"line":23,"column":4},"end":{"line":23,"column":34}},"9":{"start":{"line":23,"column":25},"end":{"line":23,"column":34}},"10":{"start":{"line":24,"column":4},"end":{"line":24,"column":29}},"11":{"start":{"line":28,"column":23},"end":{"line":36,"column":1}},"12":{"start":{"line":29,"column":2},"end":{"line":29,"column":51}},"13":{"start":{"line":30,"column":2},"end":{"line":30,"column":52}},"14":{"start":{"line":31,"column":2},"end":{"line":31,"column":52}},"15":{"start":{"line":32,"column":2},"end":{"line":32,"column":53}},"16":{"start":{"line":34,"column":2},"end":{"line":34,"column":24}},"17":{"start":{"line":35,"column":2},"end":{"line":35,"column":30}},"18":{"start":{"line":37,"column":23},"end":{"line":40,"column":1}},"19":{"start":{"line":38,"column":2},"end":{"line":38,"column":24}},"20":{"start":{"line":39,"column":2},"end":{"line":39,"column":31}},"21":{"start":{"line":42,"column":33},"end":{"line":45,"column":1}},"22":{"start":{"line":43,"column":2},"end":{"line":43,"column":25}},"23":{"start":{"line":44,"column":2},"end":{"line":44,"column":26}},"24":{"start":{"line":47,"column":27},"end":{"line":55,"column":1}},"25":{"start":{"line":48,"column":2},"end":{"line":52,"column":3}},"26":{"start":{"line":49,"column":4},"end":{"line":51,"column":5}},"27":{"start":{"line":50,"column":6},"end":{"line":50,"column":19}},"28":{"start":{"line":54,"column":2},"end":{"line":54,"column":14}},"29":{"start":{"line":58,"column":21},"end":{"line":70,"column":1}},"30":{"start":{"line":59,"column":2},"end":{"line":59,"column":52}},"31":{"start":{"line":59,"column":45},"end":{"line":59,"column":52}},"32":{"start":{"line":60,"column":2},"end":{"line":69,"column":3}},"33":{"start":{"line":61,"column":4},"end":{"line":61,"column":25}},"34":{"start":{"line":62,"column":24},"end":{"line":62,"column":42}},"35":{"start":{"line":63,"column":25},"end":{"line":63,"column":44}},"36":{"start":{"line":65,"column":4},"end":{"line":65,"column":64}},"37":{"start":{"line":66,"column":4},"end":{"line":66,"column":63}},"38":{"start":{"line":67,"column":4},"end":{"line":67,"column":36}},"39":{"start":{"line":68,"column":4},"end":{"line":68,"column":50}},"40":{"start":{"line":73,"column":22},"end":{"line":97,"column":1}},"41":{"start":{"line":74,"column":2},"end":{"line":74,"column":29}},"42":{"start":{"line":74,"column":22},"end":{"line":74,"column":29}},"43":{"start":{"line":75,"column":2},"end":{"line":75,"column":28}},"44":{"start":{"line":75,"column":21},"end":{"line":75,"column":28}},"45":{"start":{"line":77,"column":22},"end":{"line":77,"column":73}},"46":{"start":{"line":78,"column":23},"end":{"line":78,"column":76}},"47":{"start":{"line":79,"column":2},"end":{"line":79,"column":46}},"48":{"start":{"line":79,"column":37},"end":{"line":79,"column":44}},"49":{"start":{"line":81,"column":2},"end":{"line":81,"column":41}},"50":{"start":{"line":82,"column":2},"end":{"line":86,"column":3}},"51":{"start":{"line":83,"column":4},"end":{"line":83,"column":28}},"52":{"start":{"line":85,"column":4},"end":{"line":85,"column":27}},"53":{"start":{"line":89,"column":2},"end":{"line":89,"column":21}},"54":{"start":{"line":91,"column":2},"end":{"line":91,"column":52}},"55":{"start":{"line":91,"column":45},"end":{"line":91,"column":52}},"56":{"start":{"line":92,"column":2},"end":{"line":96,"column":3}},"57":{"start":{"line":93,"column":4},"end":{"line":93,"column":26}},"58":{"start":{"line":95,"column":4},"end":{"line":95,"column":26}},"59":{"start":{"line":102,"column":16},"end":{"line":124,"column":1}},"60":{"start":{"line":103,"column":2},"end":{"line":123,"column":3}},"61":{"start":{"line":105,"column":6},"end":{"line":105,"column":40}},"62":{"start":{"line":106,"column":6},"end":{"line":106,"column":26}},"63":{"start":{"line":108,"column":6},"end":{"line":116,"column":8}},"64":{"start":{"line":118,"column":6},"end":{"line":118,"column":26}},"65":{"start":{"line":119,"column":6},"end":{"line":119,"column":26}},"66":{"start":{"line":122,"column":6},"end":{"line":122,"column":26}}},"fnMap":{"0":{"name":"(anonymous_0)","decl":{"start":{"line":15,"column":25},"end":{"line":15,"column":26}},"loc":{"start":{"line":15,"column":55},"end":{"line":20,"column":1}},"line":15},"1":{"name":"(anonymous_1)","decl":{"start":{"line":16,"column":32},"end":{"line":16,"column":33}},"loc":{"start":{"line":16,"column":39},"end":{"line":19,"column":3}},"line":16},"2":{"name":"(anonymous_2)","decl":{"start":{"line":21,"column":23},"end":{"line":21,"column":24}},"loc":{"start":{"line":21,"column":51},"end":{"line":26,"column":1}},"line":21},"3":{"name":"(anonymous_3)","decl":{"start":{"line":22,"column":32},"end":{"line":22,"column":33}},"loc":{"start":{"line":22,"column":39},"end":{"line":25,"column":3}},"line":22},"4":{"name":"(anonymous_4)","decl":{"start":{"line":28,"column":23},"end":{"line":28,"column":24}},"loc":{"start":{"line":28,"column":34},"end":{"line":36,"column":1}},"line":28},"5":{"name":"(anonymous_5)","decl":{"start":{"line":37,"column":23},"end":{"line":37,"column":24}},"loc":{"start":{"line":37,"column":34},"end":{"line":40,"column":1}},"line":37},"6":{"name":"(anonymous_6)","decl":{"start":{"line":42,"column":33},"end":{"line":42,"column":34}},"loc":{"start":{"line":42,"column":44},"end":{"line":45,"column":1}},"line":42},"7":{"name":"(anonymous_7)","decl":{"start":{"line":47,"column":27},"end":{"line":47,"column":28}},"loc":{"start":{"line":47,"column":38},"end":{"line":55,"column":1}},"line":47},"8":{"name":"(anonymous_8)","decl":{"start":{"line":58,"column":21},"end":{"line":58,"column":22}},"loc":{"start":{"line":58,"column":32},"end":{"line":70,"column":1}},"line":58},"9":{"name":"(anonymous_9)","decl":{"start":{"line":73,"column":22},"end":{"line":73,"column":23}},"loc":{"start":{"line":73,"column":39},"end":{"line":97,"column":1}},"line":73},"10":{"name":"(anonymous_10)","decl":{"start":{"line":102,"column":16},"end":{"line":102,"column":17}},"loc":{"start":{"line":102,"column":50},"end":{"line":124,"column":1}},"line":102}},"branchMap":{"0":{"loc":{"start":{"line":17,"column":4},"end":{"line":17,"column":34}},"type":"if","locations":[{"start":{"line":17,"column":4},"end":{"line":17,"column":34}},{"start":{"line":17,"column":4},"end":{"line":17,"column":34}}],"line":17},"1":{"loc":{"start":{"line":23,"column":4},"end":{"line":23,"column":34}},"type":"if","locations":[{"start":{"line":23,"column":4},"end":{"line":23,"column":34}},{"start":{"line":23,"column":4},"end":{"line":23,"column":34}}],"line":23},"2":{"loc":{"start":{"line":49,"column":4},"end":{"line":51,"column":5}},"type":"if","locations":[{"start":{"line":49,"column":4},"end":{"line":51,"column":5}},{"start":{"line":49,"column":4},"end":{"line":51,"column":5}}],"line":49},"3":{"loc":{"start":{"line":59,"column":2},"end":{"line":59,"column":52}},"type":"if","locations":[{"start":{"line":59,"column":2},"end":{"line":59,"column":52}},{"start":{"line":59,"column":2},"end":{"line":59,"column":52}}],"line":59},"4":{"loc":{"start":{"line":59,"column":6},"end":{"line":59,"column":43}},"type":"binary-expr","locations":[{"start":{"line":59,"column":6},"end":{"line":59,"column":22}},{"start":{"line":59,"column":26},"end":{"line":59,"column":43}}],"line":59},"5":{"loc":{"start":{"line":60,"column":2},"end":{"line":69,"column":3}},"type":"if","locations":[{"start":{"line":60,"column":2},"end":{"line":69,"column":3}},{"start":{"line":60,"column":2},"end":{"line":69,"column":3}}],"line":60},"6":{"loc":{"start":{"line":74,"column":2},"end":{"line":74,"column":29}},"type":"if","locations":[{"start":{"line":74,"column":2},"end":{"line":74,"column":29}},{"start":{"line":74,"column":2},"end":{"line":74,"column":29}}],"line":74},"7":{"loc":{"start":{"line":75,"column":2},"end":{"line":75,"column":28}},"type":"if","locations":[{"start":{"line":75,"column":2},"end":{"line":75,"column":28}},{"start":{"line":75,"column":2},"end":{"line":75,"column":28}}],"line":75},"8":{"loc":{"start":{"line":77,"column":22},"end":{"line":77,"column":73}},"type":"binary-expr","locations":[{"start":{"line":77,"column":22},"end":{"line":77,"column":37}},{"start":{"line":77,"column":42},"end":{"line":77,"column":72}}],"line":77},"9":{"loc":{"start":{"line":78,"column":23},"end":{"line":78,"column":76}},"type":"binary-expr","locations":[{"start":{"line":78,"column":23},"end":{"line":78,"column":39}},{"start":{"line":78,"column":44},"end":{"line":78,"column":75}}],"line":78},"10":{"loc":{"start":{"line":79,"column":2},"end":{"line":79,"column":46}},"type":"if","locations":[{"start":{"line":79,"column":2},"end":{"line":79,"column":46}},{"start":{"line":79,"column":2},"end":{"line":79,"column":46}}],"line":79},"11":{"loc":{"start":{"line":79,"column":6},"end":{"line":79,"column":33}},"type":"binary-expr","locations":[{"start":{"line":79,"column":6},"end":{"line":79,"column":17}},{"start":{"line":79,"column":21},"end":{"line":79,"column":33}}],"line":79},"12":{"loc":{"start":{"line":82,"column":2},"end":{"line":86,"column":3}},"type":"if","locations":[{"start":{"line":82,"column":2},"end":{"line":86,"column":3}},{"start":{"line":82,"column":2},"end":{"line":86,"column":3}}],"line":82},"13":{"loc":{"start":{"line":91,"column":2},"end":{"line":91,"column":52}},"type":"if","locations":[{"start":{"line":91,"column":2},"end":{"line":91,"column":52}},{"start":{"line":91,"column":2},"end":{"line":91,"column":52}}],"line":91},"14":{"loc":{"start":{"line":91,"column":6},"end":{"line":91,"column":43}},"type":"binary-expr","locations":[{"start":{"line":91,"column":6},"end":{"line":91,"column":22}},{"start":{"line":91,"column":26},"end":{"line":91,"column":43}}],"line":91},"15":{"loc":{"start":{"line":92,"column":2},"end":{"line":96,"column":3}},"type":"if","locations":[{"start":{"line":92,"column":2},"end":{"line":96,"column":3}},{"start":{"line":92,"column":2},"end":{"line":96,"column":3}}],"line":92},"16":{"loc":{"start":{"line":102,"column":17},"end":{"line":102,"column":37}},"type":"default-arg","locations":[{"start":{"line":102,"column":25},"end":{"line":102,"column":37}}],"line":102},"17":{"loc":{"start":{"line":103,"column":2},"end":{"line":123,"column":3}},"type":"switch","locations":[{"start":{"line":104,"column":4},"end":{"line":106,"column":26}},{"start":{"line":107,"column":4},"end":{"line":116,"column":8}},{"start":{"line":117,"column":4},"end":{"line":119,"column":26}},{"start":{"line":121,"column":4},"end":{"line":122,"column":26}}],"line":103}},"s":{"0":1,"1":1,"2":8,"3":96,"4":88,"5":8,"6":1,"7":2,"8":24,"9":22,"10":2,"11":1,"12":1,"13":1,"14":1,"15":1,"16":1,"17":1,"18":1,"19":0,"20":0,"21":1,"22":2,"23":2,"24":1,"25":2,"26":15,"27":1,"28":1,"29":1,"30":2,"31":0,"32":2,"33":2,"34":2,"35":2,"36":2,"37":2,"38":2,"39":2,"40":1,"41":3,"42":1,"43":2,"44":0,"45":2,"46":2,"47":2,"48":0,"49":2,"50":2,"51":1,"52":1,"53":2,"54":2,"55":1,"56":1,"57":1,"58":0,"59":1,"60":7,"61":3,"62":3,"63":1,"64":2,"65":2,"66":1},"f":{"0":8,"1":96,"2":2,"3":24,"4":1,"5":0,"6":2,"7":2,"8":2,"9":3,"10":7},"b":{"0":[88,8],"1":[22,2],"2":[1,14],"3":[0,2],"4":[2,2],"5":[2,0],"6":[1,2],"7":[0,2],"8":[2,1],"9":[2,0],"10":[0,2],"11":[2,2],"12":[1,1],"13":[1,1],"14":[2,2],"15":[1,0],"16":[1],"17":[3,1,2,1]},"_coverageSchema":"1a1c01bbd47fc00a2c39e90264f33305004495a9","hash":"fc74de8cf29d8652e3c3bec73ac84585529c407c"}
,"/Users/nobinthomas/Desktop/nobinCardGame/src/styles/cardStyle.js": {"path":"/Users/nobinthomas/Desktop/nobinCardGame/src/styles/cardStyle.js","statementMap":{"0":{"start":{"line":3,"column":18},"end":{"line":33,"column":2}}},"fnMap":{},"branchMap":{},"s":{"0":1},"f":{},"b":{},"_coverageSchema":"1a1c01bbd47fc00a2c39e90264f33305004495a9","hash":"20229f3fb15448288b6a62b7ae7ff5450d92dfc9"}
,"/Users/nobinthomas/Desktop/nobinCardGame/src/styles/styles.js": {"path":"/Users/nobinthomas/Desktop/nobinCardGame/src/styles/styles.js","statementMap":{"0":{"start":{"line":3,"column":15},"end":{"line":57,"column":2}}},"fnMap":{},"branchMap":{},"s":{"0":1},"f":{},"b":{},"_coverageSchema":"1a1c01bbd47fc00a2c39e90264f33305004495a9","hash":"ac643a0ace14c497ea34c11e44d43b2a15e9584f"}
,"/Users/nobinthomas/Desktop/nobinCardGame/src/utils/constants.js": {"path":"/Users/nobinthomas/Desktop/nobinCardGame/src/utils/constants.js","statementMap":{"0":{"start":{"line":2,"column":29},"end":{"line":2,"column":44}},"1":{"start":{"line":3,"column":27},"end":{"line":3,"column":42}},"2":{"start":{"line":4,"column":28},"end":{"line":4,"column":42}},"3":{"start":{"line":7,"column":26},"end":{"line":7,"column":28}},"4":{"start":{"line":8,"column":27},"end":{"line":8,"column":28}}},"fnMap":{},"branchMap":{},"s":{"0":2,"1":2,"2":2,"3":2,"4":2},"f":{},"b":{},"_coverageSchema":"1a1c01bbd47fc00a2c39e90264f33305004495a9","hash":"c16e3285f30ddbbfa801cdc3d9fbe6d12847d695"}
,"/Users/nobinthomas/Desktop/nobinCardGame/src/utils/utils.js": {"path":"/Users/nobinthomas/Desktop/nobinCardGame/src/utils/utils.js","statementMap":{"0":{"start":{"line":8,"column":27},"end":{"line":15,"column":1}},"1":{"start":{"line":10,"column":2},"end":{"line":13,"column":3}},"2":{"start":{"line":10,"column":19},"end":{"line":10,"column":35}},"3":{"start":{"line":11,"column":23},"end":{"line":11,"column":62}},"4":{"start":{"line":12,"column":4},"end":{"line":12,"column":74}},"5":{"start":{"line":14,"column":2},"end":{"line":14,"column":15}},"6":{"start":{"line":20,"column":29},"end":{"line":30,"column":1}},"7":{"start":{"line":21,"column":15},"end":{"line":21,"column":24}},"8":{"start":{"line":23,"column":2},"end":{"line":25,"column":3}},"9":{"start":{"line":24,"column":4},"end":{"line":24,"column":49}},"10":{"start":{"line":27,"column":20},"end":{"line":27,"column":29}},"11":{"start":{"line":28,"column":22},"end":{"line":28,"column":49}},"12":{"start":{"line":29,"column":2},"end":{"line":29,"column":21}},"13":{"start":{"line":32,"column":29},"end":{"line":44,"column":1}},"14":{"start":{"line":33,"column":14},"end":{"line":33,"column":15}},"15":{"start":{"line":35,"column":17},"end":{"line":35,"column":45}},"16":{"start":{"line":36,"column":16},"end":{"line":42,"column":5}},"17":{"start":{"line":36,"column":55},"end":{"line":42,"column":3}},"18":{"start":{"line":43,"column":2},"end":{"line":43,"column":28}},"19":{"start":{"line":46,"column":23},"end":{"line":51,"column":6}},"20":{"start":{"line":46,"column":34},"end":{"line":51,"column":6}},"21":{"start":{"line":47,"column":2},"end":{"line":49,"column":4}},"22":{"start":{"line":50,"column":2},"end":{"line":50,"column":16}},"23":{"start":{"line":53,"column":25},"end":{"line":67,"column":1}},"24":{"start":{"line":54,"column":2},"end":{"line":66,"column":4}},"25":{"start":{"line":63,"column":42},"end":{"line":63,"column":50}}},"fnMap":{"0":{"name":"(anonymous_0)","decl":{"start":{"line":8,"column":27},"end":{"line":8,"column":28}},"loc":{"start":{"line":8,"column":38},"end":{"line":15,"column":1}},"line":8},"1":{"name":"(anonymous_1)","decl":{"start":{"line":20,"column":29},"end":{"line":20,"column":30}},"loc":{"start":{"line":20,"column":35},"end":{"line":30,"column":1}},"line":20},"2":{"name":"(anonymous_2)","decl":{"start":{"line":32,"column":29},"end":{"line":32,"column":30}},"loc":{"start":{"line":32,"column":35},"end":{"line":44,"column":1}},"line":32},"3":{"name":"(anonymous_3)","decl":{"start":{"line":36,"column":42},"end":{"line":36,"column":43}},"loc":{"start":{"line":36,"column":55},"end":{"line":42,"column":3}},"line":36},"4":{"name":"(anonymous_4)","decl":{"start":{"line":46,"column":23},"end":{"line":46,"column":24}},"loc":{"start":{"line":46,"column":34},"end":{"line":51,"column":6}},"line":46},"5":{"name":"(anonymous_5)","decl":{"start":{"line":46,"column":47},"end":{"line":46,"column":48}},"loc":{"start":{"line":46,"column":73},"end":{"line":51,"column":1}},"line":46},"6":{"name":"(anonymous_6)","decl":{"start":{"line":53,"column":25},"end":{"line":53,"column":26}},"loc":{"start":{"line":53,"column":53},"end":{"line":67,"column":1}},"line":53},"7":{"name":"(anonymous_7)","decl":{"start":{"line":60,"column":17},"end":{"line":60,"column":18}},"loc":{"start":{"line":60,"column":23},"end":{"line":60,"column":25}},"line":60},"8":{"name":"(anonymous_8)","decl":{"start":{"line":63,"column":36},"end":{"line":63,"column":37}},"loc":{"start":{"line":63,"column":42},"end":{"line":63,"column":50}},"line":63}},"branchMap":{"0":{"loc":{"start":{"line":47,"column":35},"end":{"line":47,"column":70}},"type":"binary-expr","locations":[{"start":{"line":47,"column":35},"end":{"line":47,"column":64}},{"start":{"line":47,"column":68},"end":{"line":47,"column":70}}],"line":47}},"s":{"0":1,"1":6,"2":6,"3":66,"4":66,"5":6,"6":1,"7":3,"8":3,"9":20,"10":3,"11":3,"12":3,"13":1,"14":3,"15":3,"16":3,"17":36,"18":3,"19":1,"20":0,"21":0,"22":0,"23":1,"24":0,"25":0},"f":{"0":6,"1":3,"2":3,"3":36,"4":0,"5":0,"6":0,"7":0,"8":0},"b":{"0":[0,0]},"_coverageSchema":"1a1c01bbd47fc00a2c39e90264f33305004495a9","hash":"5049b42fa16bac267884ea57b80c6eaa4ffbd9f1"}
}
