TN:
SF:src/action/CardGameActions.js
FN:3,(anonymous_0)
FN:8,(anonymous_1)
FN:12,(anonymous_2)
FNF:3
FNH:3
FNDA:1,(anonymous_0)
FNDA:1,(anonymous_1)
FNDA:1,(anonymous_2)
DA:3,1
DA:8,1
DA:12,1
LF:3
LH:3
BRF:0
BRH:0
end_of_record
TN:
SF:src/components/Card.js
FN:7,(anonymous_0)
FN:21,(anonymous_1)
FN:25,(anonymous_2)
FN:29,(anonymous_3)
FN:47,(anonymous_4)
FN:64,(anonymous_5)
FNF:6
FNH:4
FNDA:1,(anonymous_0)
FNDA:1,(anonymous_1)
FNDA:1,(anonymous_2)
FNDA:1,(anonymous_3)
FNDA:0,(anonymous_4)
FNDA:0,(anonymous_5)
DA:7,1
DA:8,1
DA:9,1
DA:10,1
DA:12,1
DA:16,1
DA:21,1
DA:22,1
DA:25,1
DA:26,1
DA:29,1
DA:30,1
DA:31,1
DA:38,0
DA:47,1
DA:48,0
DA:51,1
DA:57,1
DA:63,1
DA:64,0
LF:20
LH:17
BRDA:9,0,0,0
BRDA:9,0,1,1
BRDA:26,1,0,0
BRDA:26,1,1,1
BRDA:30,2,0,1
BRDA:30,2,1,0
BRDA:68,3,0,0
BRDA:68,3,1,1
BRDA:73,4,0,0
BRDA:73,4,1,1
BRF:10
BRH:5
end_of_record
TN:
SF:src/components/GameAppButton.js
FN:8,(anonymous_0)
FNF:1
FNH:1
FNDA:1,(anonymous_0)
DA:8,1
DA:9,1
LF:2
LH:2
BRF:0
BRH:0
end_of_record
TN:
SF:src/components/Header.js
FN:6,(anonymous_0)
FNF:1
FNH:1
FNDA:1,(anonymous_0)
DA:6,1
DA:7,1
LF:2
LH:2
BRF:0
BRH:0
end_of_record
TN:
SF:src/reducer/CardGameReducer.js
FN:15,(anonymous_0)
FN:16,(anonymous_1)
FN:21,(anonymous_2)
FN:22,(anonymous_3)
FN:28,(anonymous_4)
FN:37,(anonymous_5)
FN:42,(anonymous_6)
FN:47,(anonymous_7)
FN:58,(anonymous_8)
FN:73,(anonymous_9)
FN:102,(anonymous_10)
FNF:11
FNH:10
FNDA:8,(anonymous_0)
FNDA:96,(anonymous_1)
FNDA:2,(anonymous_2)
FNDA:24,(anonymous_3)
FNDA:1,(anonymous_4)
FNDA:0,(anonymous_5)
FNDA:2,(anonymous_6)
FNDA:2,(anonymous_7)
FNDA:2,(anonymous_8)
FNDA:3,(anonymous_9)
FNDA:7,(anonymous_10)
DA:4,1
DA:15,1
DA:16,8
DA:17,96
DA:18,8
DA:21,1
DA:22,2
DA:23,24
DA:24,2
DA:28,1
DA:29,1
DA:30,1
DA:31,1
DA:32,1
DA:34,1
DA:35,1
DA:37,1
DA:38,0
DA:39,0
DA:42,1
DA:43,2
DA:44,2
DA:47,1
DA:48,2
DA:49,15
DA:50,1
DA:54,1
DA:58,1
DA:59,2
DA:60,2
DA:61,2
DA:62,2
DA:63,2
DA:65,2
DA:66,2
DA:67,2
DA:68,2
DA:73,1
DA:74,3
DA:75,2
DA:77,2
DA:78,2
DA:79,2
DA:81,2
DA:82,2
DA:83,1
DA:85,1
DA:89,2
DA:91,2
DA:92,1
DA:93,1
DA:95,0
DA:102,1
DA:103,7
DA:105,3
DA:106,3
DA:108,1
DA:118,2
DA:119,2
DA:122,1
LF:60
LH:57
BRDA:17,0,0,88
BRDA:17,0,1,8
BRDA:23,1,0,22
BRDA:23,1,1,2
BRDA:49,2,0,1
BRDA:49,2,1,14
BRDA:59,3,0,0
BRDA:59,3,1,2
BRDA:59,4,0,2
BRDA:59,4,1,2
BRDA:60,5,0,2
BRDA:60,5,1,0
BRDA:74,6,0,1
BRDA:74,6,1,2
BRDA:75,7,0,0
BRDA:75,7,1,2
BRDA:77,8,0,2
BRDA:77,8,1,1
BRDA:78,9,0,2
BRDA:78,9,1,0
BRDA:79,10,0,0
BRDA:79,10,1,2
BRDA:79,11,0,2
BRDA:79,11,1,2
BRDA:82,12,0,1
BRDA:82,12,1,1
BRDA:91,13,0,1
BRDA:91,13,1,1
BRDA:91,14,0,2
BRDA:91,14,1,2
BRDA:92,15,0,1
BRDA:92,15,1,0
BRDA:102,16,0,1
BRDA:103,17,0,3
BRDA:103,17,1,1
BRDA:103,17,2,2
BRDA:103,17,3,1
BRF:37
BRH:31
end_of_record
TN:
SF:src/styles/cardStyle.js
FNF:0
FNH:0
DA:3,1
LF:1
LH:1
BRF:0
BRH:0
end_of_record
TN:
SF:src/styles/styles.js
FNF:0
FNH:0
DA:3,1
LF:1
LH:1
BRF:0
BRH:0
end_of_record
TN:
SF:src/utils/constants.js
FNF:0
FNH:0
DA:2,2
DA:3,2
DA:4,2
DA:7,2
DA:8,2
LF:5
LH:5
BRF:0
BRH:0
end_of_record
TN:
SF:src/utils/utils.js
FN:8,(anonymous_0)
FN:20,(anonymous_1)
FN:32,(anonymous_2)
FN:36,(anonymous_3)
FN:46,(anonymous_4)
FN:46,(anonymous_5)
FN:53,(anonymous_6)
FN:60,(anonymous_7)
FN:63,(anonymous_8)
FNF:9
FNH:4
FNDA:6,(anonymous_0)
FNDA:3,(anonymous_1)
FNDA:3,(anonymous_2)
FNDA:36,(anonymous_3)
FNDA:0,(anonymous_4)
FNDA:0,(anonymous_5)
FNDA:0,(anonymous_6)
FNDA:0,(anonymous_7)
FNDA:0,(anonymous_8)
DA:8,1
DA:10,6
DA:11,66
DA:12,66
DA:14,6
DA:20,1
DA:21,3
DA:23,3
DA:24,20
DA:27,3
DA:28,3
DA:29,3
DA:32,1
DA:33,3
DA:35,3
DA:36,36
DA:43,3
DA:46,1
DA:47,0
DA:50,0
DA:53,1
DA:54,0
DA:63,0
LF:23
LH:19
BRDA:47,0,0,0
BRDA:47,0,1,0
BRF:2
BRH:0
end_of_record
